The system is: Windows - 10.0.22000 - AMD64
Compiling the C compiler identification source file "CMakeCCompilerId.c" succeeded.
Compiler:  
Build flags: 
Id flags:  

The output was:
0
MSBuild version 17.3.1+2badb37d1 for .NET Framework
已經開始建置於 2022/10/10 下午 09:11:14。
節點 1 (預設目標) 上的專案 "C:\Users\wenwe\OneDrive\文件\111-1\計算機圖學\glew-2.1.0\build\CMakeFiles\3.23.4\CompilerIdC\CompilerIdC.vcxproj"。
PrepareForBuild:
  正在建立目錄 "Debug\"。
  正在建立目錄 "Debug\CompilerIdC.tlog\"。
InitializeBuildStatus:
  由於指定了 "AlwaysCreate"，因此正在建立 "Debug\CompilerIdC.tlog\unsuccessfulbuild"。
ClCompile:
  C:\Program Files\Microsoft Visual Studio\2022\Community\VC\Tools\MSVC\14.33.31629\bin\HostX64\x64\CL.exe /c /nologo /W0 /WX- /diagnostics:column /Od /D _MBCS /Gm- /EHsc /RTC1 /MDd /GS /fp:precise /Zc:wchar_t /Zc:forScope /Zc:inline /Fo"Debug\\" /Fd"Debug\vc143.pdb" /external:W0 /Gd /TC /FC /errorReport:queue CMakeCCompilerId.c
  CMakeCCompilerId.c
Link:
  C:\Program Files\Microsoft Visual Studio\2022\Community\VC\Tools\MSVC\14.33.31629\bin\HostX64\x64\link.exe /ERRORREPORT:QUEUE /OUT:".\CompilerIdC.exe" /INCREMENTAL:NO /NOLOGO kernel32.lib user32.lib gdi32.lib winspool.lib comdlg32.lib advapi32.lib shell32.lib ole32.lib oleaut32.lib uuid.lib odbc32.lib odbccp32.lib /MANIFEST /MANIFESTUAC:"level='asInvoker' uiAccess='false'" /manifest:embed /PDB:".\CompilerIdC.pdb" /SUBSYSTEM:CONSOLE /TLBID:1 /DYNAMICBASE /NXCOMPAT /IMPLIB:".\CompilerIdC.lib" /MACHINE:X64 Debug\CMakeCCompilerId.obj
  CompilerIdC.vcxproj -> C:\Users\wenwe\OneDrive\文件\111-1\計算機圖學\glew-2.1.0\build\CMakeFiles\3.23.4\CompilerIdC\CompilerIdC.exe
PostBuildEvent:
  for %%i in (cl.exe) do @echo CMAKE_C_COMPILER=%%~$PATH:i
  :VCEnd
  CMAKE_C_COMPILER=C:\Program Files\Microsoft Visual Studio\2022\Community\VC\Tools\MSVC\14.33.31629\bin\Hostx64\x64\cl.exe
FinalizeBuildStatus:
  正在刪除檔案 "Debug\CompilerIdC.tlog\unsuccessfulbuild"。
  正在變更時間戳記 "Debug\CompilerIdC.tlog\CompilerIdC.lastbuildstate"。
專案 "C:\Users\wenwe\OneDrive\文件\111-1\計算機圖學\glew-2.1.0\build\CMakeFiles\3.23.4\CompilerIdC\CompilerIdC.vcxproj" (預設目標) 建置完成。

建置成功。
    0 個警告
    0 個錯誤

經過時間 00:00:00.55


Compilation of the C compiler identification source "CMakeCCompilerId.c" produced "CompilerIdC.exe"

Compilation of the C compiler identification source "CMakeCCompilerId.c" produced "CompilerIdC.vcxproj"

The C compiler identification is MSVC, found in "C:/Users/wenwe/OneDrive/文件/111-1/計算機圖學/glew-2.1.0/build/CMakeFiles/3.23.4/CompilerIdC/CompilerIdC.exe"

Compiling the CXX compiler identification source file "CMakeCXXCompilerId.cpp" succeeded.
Compiler:  
Build flags: 
Id flags:  

The output was:
0
MSBuild version 17.3.1+2badb37d1 for .NET Framework
已經開始建置於 2022/10/10 下午 09:11:15。
節點 1 (預設目標) 上的專案 "C:\Users\wenwe\OneDrive\文件\111-1\計算機圖學\glew-2.1.0\build\CMakeFiles\3.23.4\CompilerIdCXX\CompilerIdCXX.vcxproj"。
PrepareForBuild:
  正在建立目錄 "Debug\"。
  正在建立目錄 "Debug\CompilerIdCXX.tlog\"。
InitializeBuildStatus:
  由於指定了 "AlwaysCreate"，因此正在建立 "Debug\CompilerIdCXX.tlog\unsuccessfulbuild"。
ClCompile:
  C:\Program Files\Microsoft Visual Studio\2022\Community\VC\Tools\MSVC\14.33.31629\bin\HostX64\x64\CL.exe /c /nologo /W0 /WX- /diagnostics:column /Od /D _MBCS /Gm- /EHsc /RTC1 /MDd /GS /fp:precise /Zc:wchar_t /Zc:forScope /Zc:inline /Fo"Debug\\" /Fd"Debug\vc143.pdb" /external:W0 /Gd /TP /FC /errorReport:queue CMakeCXXCompilerId.cpp
  CMakeCXXCompilerId.cpp
Link:
  C:\Program Files\Microsoft Visual Studio\2022\Community\VC\Tools\MSVC\14.33.31629\bin\HostX64\x64\link.exe /ERRORREPORT:QUEUE /OUT:".\CompilerIdCXX.exe" /INCREMENTAL:NO /NOLOGO kernel32.lib user32.lib gdi32.lib winspool.lib comdlg32.lib advapi32.lib shell32.lib ole32.lib oleaut32.lib uuid.lib odbc32.lib odbccp32.lib /MANIFEST /MANIFESTUAC:"level='asInvoker' uiAccess='false'" /manifest:embed /PDB:".\CompilerIdCXX.pdb" /SUBSYSTEM:CONSOLE /TLBID:1 /DYNAMICBASE /NXCOMPAT /IMPLIB:".\CompilerIdCXX.lib" /MACHINE:X64 Debug\CMakeCXXCompilerId.obj
  CompilerIdCXX.vcxproj -> C:\Users\wenwe\OneDrive\文件\111-1\計算機圖學\glew-2.1.0\build\CMakeFiles\3.23.4\CompilerIdCXX\CompilerIdCXX.exe
PostBuildEvent:
  for %%i in (cl.exe) do @echo CMAKE_CXX_COMPILER=%%~$PATH:i
  :VCEnd
  CMAKE_CXX_COMPILER=C:\Program Files\Microsoft Visual Studio\2022\Community\VC\Tools\MSVC\14.33.31629\bin\Hostx64\x64\cl.exe
FinalizeBuildStatus:
  正在刪除檔案 "Debug\CompilerIdCXX.tlog\unsuccessfulbuild"。
  正在變更時間戳記 "Debug\CompilerIdCXX.tlog\CompilerIdCXX.lastbuildstate"。
專案 "C:\Users\wenwe\OneDrive\文件\111-1\計算機圖學\glew-2.1.0\build\CMakeFiles\3.23.4\CompilerIdCXX\CompilerIdCXX.vcxproj" (預設目標) 建置完成。

建置成功。
    0 個警告
    0 個錯誤

經過時間 00:00:00.40


Compilation of the CXX compiler identification source "CMakeCXXCompilerId.cpp" produced "CompilerIdCXX.exe"

Compilation of the CXX compiler identification source "CMakeCXXCompilerId.cpp" produced "CompilerIdCXX.vcxproj"

The CXX compiler identification is MSVC, found in "C:/Users/wenwe/OneDrive/文件/111-1/計算機圖學/glew-2.1.0/build/CMakeFiles/3.23.4/CompilerIdCXX/CompilerIdCXX.exe"

Detecting C compiler ABI info compiled with the following output:
Change Dir: C:/Users/wenwe/OneDrive/文件/111-1/計算機圖學/glew-2.1.0/build/CMakeFiles/CMakeTmp

Run Build Command(s):C:/Program Files/Microsoft Visual Studio/2022/Community/MSBuild/Current/Bin/amd64/MSBuild.exe cmTC_f12fc.vcxproj /p:Configuration=Debug /p:Platform=x64 /p:VisualStudioVersion=17.0 /v:m && MSBuild version 17.3.1+2badb37d1 for .NET Framework
  Microsoft (R) C/C++ Optimizing Compiler Version 19.33.31630 for x64
  CMakeCCompilerABI.c
  Copyright (C) Microsoft Corporation.  著作權所有，並保留一切權利。
  cl /c /Zi /W3 /WX- /diagnostics:column /Od /Ob0 /D _MBCS /D WIN32 /D _WINDOWS /D "CMAKE_INTDIR=\"Debug\"" /Gm- /RTC1 /MDd /GS /fp:precise /Zc:wchar_t /Zc:forScope /Zc:inline /Fo"cmTC_f12fc.dir\Debug\\" /Fd"cmTC_f12fc.dir\Debug\vc143.pdb" /external:W3 /Gd /TC /errorReport:queue "C:\Program Files\CMake\share\cmake-3.23\Modules\CMakeCCompilerABI.c"
  cmTC_f12fc.vcxproj -> C:\Users\wenwe\OneDrive\文件\111-1\計算機圖學\glew-2.1.0\build\CMakeFiles\CMakeTmp\Debug\cmTC_f12fc.exe



Detecting CXX compiler ABI info compiled with the following output:
Change Dir: C:/Users/wenwe/OneDrive/文件/111-1/計算機圖學/glew-2.1.0/build/CMakeFiles/CMakeTmp

Run Build Command(s):C:/Program Files/Microsoft Visual Studio/2022/Community/MSBuild/Current/Bin/amd64/MSBuild.exe cmTC_458e3.vcxproj /p:Configuration=Debug /p:Platform=x64 /p:VisualStudioVersion=17.0 /v:m && MSBuild version 17.3.1+2badb37d1 for .NET Framework
  Microsoft (R) C/C++ Optimizing Compiler Version 19.33.31630 for x64
  CMakeCXXCompilerABI.cpp
  Copyright (C) Microsoft Corporation.  著作權所有，並保留一切權利。
  cl /c /Zi /W3 /WX- /diagnostics:column /Od /Ob0 /D _MBCS /D WIN32 /D _WINDOWS /D "CMAKE_INTDIR=\"Debug\"" /Gm- /EHsc /RTC1 /MDd /GS /fp:precise /Zc:wchar_t /Zc:forScope /Zc:inline /GR /Fo"cmTC_458e3.dir\Debug\\" /Fd"cmTC_458e3.dir\Debug\vc143.pdb" /external:W3 /Gd /TP /errorReport:queue "C:\Program Files\CMake\share\cmake-3.23\Modules\CMakeCXXCompilerABI.cpp"
  cmTC_458e3.vcxproj -> C:\Users\wenwe\OneDrive\文件\111-1\計算機圖學\glew-2.1.0\build\CMakeFiles\CMakeTmp\Debug\cmTC_458e3.exe



