  ICG2022_HW1.cpp
C:\Users\wenwe\Desktop\111-1\ICG\ICG2022_HW1\ICG2022_HW1\trianglemesh.h(62,23): warning C4267: 'return': 將 'size_t' 轉換為 'int'，資料可能遺失
C:\Users\wenwe\Desktop\111-1\ICG\ICG2022_HW1\ICG2022_HW1\trianglemesh.h(65,28): warning C4267: 'return': 將 'size_t' 轉換為 'int'，資料可能遺失
C:\Users\wenwe\Desktop\111-1\ICG\ICG2022_HW1\ICG2022_HW1\ICG2022_HW1.cpp(135,12): warning C4101: 'hf': 未參考的區域變數
C:\Program Files\Microsoft Visual Studio\2022\Community\VC\Tools\MSVC\14.33.31629\include\xstring(2824,53): warning C4244: '引數': 將 'wchar_t' 轉換為 'const _Elem'，由於類型不同，可能導致資料遺失
          with
          [
              _Elem=char
          ]
C:\Program Files\Microsoft Visual Studio\2022\Community\VC\Tools\MSVC\14.33.31629\include\xstring(2664): message : 請參考正在進行編譯的函式 樣板 具現化 'void std::basic_string<char,std::char_traits<char>,std::allocator<char>>::_Construct_from_iter<wchar_t*>(_Iter,const _Iter)'
          with
          [
              _Iter=wchar_t *
          ]
C:\Program Files\Microsoft Visual Studio\2022\Community\VC\Tools\MSVC\14.33.31629\include\xstring(2664): message : 請參考正在進行編譯的函式 樣板 具現化 'void std::basic_string<char,std::char_traits<char>,std::allocator<char>>::_Construct_from_iter<wchar_t*>(_Iter,const _Iter)'
          with
          [
              _Iter=wchar_t *
          ]
C:\Users\wenwe\Desktop\111-1\ICG\ICG2022_HW1\ICG2022_HW1\ICG2022_HW1.cpp(159): message : 請參考正在進行編譯的函式 樣板 具現化 'std::basic_string<char,std::char_traits<char>,std::allocator<char>>::basic_string<std::_String_iterator<std::_String_val<std::_Simple_types<_Elem>>>,0>(_Iter,_Iter,const _Alloc &)'
          with
          [
              _Elem=wchar_t,
              _Iter=std::_String_iterator<std::_String_val<std::_Simple_types<wchar_t>>>,
              _Alloc=std::allocator<char>
          ]
C:\Users\wenwe\Desktop\111-1\ICG\ICG2022_HW1\ICG2022_HW1\ICG2022_HW1.cpp(159): message : 請參考正在進行編譯的函式 樣板 具現化 'std::basic_string<char,std::char_traits<char>,std::allocator<char>>::basic_string<std::_String_iterator<std::_String_val<std::_Simple_types<_Elem>>>,0>(_Iter,_Iter,const _Alloc &)'
          with
          [
              _Elem=wchar_t,
              _Iter=std::_String_iterator<std::_String_val<std::_Simple_types<wchar_t>>>,
              _Alloc=std::allocator<char>
          ]
  trianglemesh.cpp
C:\Users\wenwe\Desktop\111-1\ICG\ICG2022_HW1\ICG2022_HW1\trianglemesh.h(62,23): warning C4267: 'return': 將 'size_t' 轉換為 'int'，資料可能遺失
C:\Users\wenwe\Desktop\111-1\ICG\ICG2022_HW1\ICG2022_HW1\trianglemesh.h(65,28): warning C4267: 'return': 將 'size_t' 轉換為 'int'，資料可能遺失
C:\Users\wenwe\Desktop\111-1\ICG\ICG2022_HW1\ICG2022_HW1\trianglemesh.cpp(156,33): warning C4267: '+=': 將 'size_t' 轉換為 'int'，資料可能遺失
C:\Users\wenwe\Desktop\111-1\ICG\ICG2022_HW1\ICG2022_HW1\trianglemesh.cpp(99,10): warning C4101: 'normalized_x': 未參考的區域變數
C:\Users\wenwe\Desktop\111-1\ICG\ICG2022_HW1\ICG2022_HW1\trianglemesh.cpp(99,24): warning C4101: 'normalized_y': 未參考的區域變數
C:\Users\wenwe\Desktop\111-1\ICG\ICG2022_HW1\ICG2022_HW1\trianglemesh.cpp(99,38): warning C4101: 'normalized_z': 未參考的區域變數
  正在產生程式碼
  Previous IPDB and IOBJ mismatch, fall back to full compilation.
  All 657 functions were compiled because no usable IPDB/IOBJ from previous compilation was found.
  已完成程式碼產生
  ICG2022_HW1.vcxproj -> C:\Users\wenwe\Desktop\111-1\ICG\ICG2022_HW1\x64\Release\ICG2022_HW1.exe
